c:\users\서정원\desktop\3d게임프로그래밍2 과제2\3dgp2_assignment02\3dgp2_assignment02\x64\debug\vc143.pdb
c:\users\서정원\desktop\3d게임프로그래밍2 과제2\3dgp2_assignment02\3dgp2_assignment02\x64\debug\vc143.idb
c:\users\서정원\desktop\3d게임프로그래밍2 과제2\3dgp2_assignment02\3dgp2_assignment02\x64\debug\timer.obj
c:\users\서정원\desktop\3d게임프로그래밍2 과제2\3dgp2_assignment02\3dgp2_assignment02\x64\debug\stdafx.obj
c:\users\서정원\desktop\3d게임프로그래밍2 과제2\3dgp2_assignment02\3dgp2_assignment02\x64\debug\shader.obj
c:\users\서정원\desktop\3d게임프로그래밍2 과제2\3dgp2_assignment02\3dgp2_assignment02\x64\debug\scene.obj
c:\users\서정원\desktop\3d게임프로그래밍2 과제2\3dgp2_assignment02\3dgp2_assignment02\x64\debug\player.obj
c:\users\서정원\desktop\3d게임프로그래밍2 과제2\3dgp2_assignment02\3dgp2_assignment02\x64\debug\object.obj
c:\users\서정원\desktop\3d게임프로그래밍2 과제2\3dgp2_assignment02\3dgp2_assignment02\x64\debug\mesh.obj
c:\users\서정원\desktop\3d게임프로그래밍2 과제2\3dgp2_assignment02\3dgp2_assignment02\x64\debug\gameframework.obj
c:\users\서정원\desktop\3d게임프로그래밍2 과제2\3dgp2_assignment02\3dgp2_assignment02\x64\debug\ddstextureloader12.obj
c:\users\서정원\desktop\3d게임프로그래밍2 과제2\3dgp2_assignment02\3dgp2_assignment02\x64\debug\camera.obj
c:\users\서정원\desktop\3d게임프로그래밍2 과제2\3dgp2_assignment02\3dgp2_assignment02\x64\debug\3dgp2_assignment02.obj
c:\users\서정원\desktop\3d게임프로그래밍2 과제2\3dgp2_assignment02\3dgp2_assignment02\x64\debug\3dgp2_assignment02.ilk
c:\users\서정원\desktop\3d게임프로그래밍2 과제2\3dgp2_assignment02\x64\debug\3dgp2_assignment02.exe
c:\users\서정원\desktop\3d게임프로그래밍2 과제2\3dgp2_assignment02\x64\debug\3dgp2_assignment02.pdb
c:\users\서정원\desktop\3d게임프로그래밍2 과제2\3dgp2_assignment02\3dgp2_assignment02\x64\debug\3dgp2_assignment02.res
c:\users\서정원\desktop\3d게임프로그래밍2 과제2\3dgp2_assignment02\3dgp2_assignment02\x64\debug\3dgp2_as.405b11de.tlog\cl.command.1.tlog
c:\users\서정원\desktop\3d게임프로그래밍2 과제2\3dgp2_assignment02\3dgp2_assignment02\x64\debug\3dgp2_as.405b11de.tlog\cl.read.1.tlog
c:\users\서정원\desktop\3d게임프로그래밍2 과제2\3dgp2_assignment02\3dgp2_assignment02\x64\debug\3dgp2_as.405b11de.tlog\cl.write.1.tlog
c:\users\서정원\desktop\3d게임프로그래밍2 과제2\3dgp2_assignment02\3dgp2_assignment02\x64\debug\3dgp2_as.405b11de.tlog\link.command.1.tlog
c:\users\서정원\desktop\3d게임프로그래밍2 과제2\3dgp2_assignment02\3dgp2_assignment02\x64\debug\3dgp2_as.405b11de.tlog\link.read.1.tlog
c:\users\서정원\desktop\3d게임프로그래밍2 과제2\3dgp2_assignment02\3dgp2_assignment02\x64\debug\3dgp2_as.405b11de.tlog\link.write.1.tlog
c:\users\서정원\desktop\3d게임프로그래밍2 과제2\3dgp2_assignment02\3dgp2_assignment02\x64\debug\3dgp2_as.405b11de.tlog\rc.command.1.tlog
c:\users\서정원\desktop\3d게임프로그래밍2 과제2\3dgp2_assignment02\3dgp2_assignment02\x64\debug\3dgp2_as.405b11de.tlog\rc.read.1.tlog
c:\users\서정원\desktop\3d게임프로그래밍2 과제2\3dgp2_assignment02\3dgp2_assignment02\x64\debug\3dgp2_as.405b11de.tlog\rc.write.1.tlog
